iozone -e -r 1M -s 6G -i 0 -I -w  -f /file -+n output is :
    Iozone: Performance Test of File I/O
            Version $Revision: 3.487 $
        Compiled for 64 bit mode.
        Build: linux 

    Contributors:William Norcott, Don Capps, Isom Crawford, Kirby Collins
                 Al Slater, Scott Rhine, Mike Wisner, Ken Goss
                 Steve Landherr, Brad Smith, Mark Kelly, Dr. Alain CYR,
                 Randy Dunlap, Mark Montague, Dan Million, Gavin Brebner,
                 Jean-Marc Zucconi, Jeff Blomberg, Benny Halevy, Dave Boone,
                 Erik Habbinga, Kris Strecker, Walter Wong, Joshua Root,
                 Fabrice Bacchella, Zhenghua Xue, Qin Li, Darren Sawyer,
                 Vangel Bojaxhi, Ben England, Vikentsi Lapa,
                 Alexey Skidanov, Sudhir Kumar.

    Run began: Sun Apr 28 07:11:56 2019

    Include fsync in write timing
    Record Size 1024 kB
    File size set to 6291456 kB
    O_DIRECT feature enabled
    Setting no_unlink
    No retest option selected
    Command line used: iozone -e -r 1M -s 6G -i 0 -I -w -f /file -+n
    Output is in kBytes/sec
    Time Resolution = 0.000001 seconds.
    Processor cache size set to 1024 kBytes.
    Processor cache line size set to 32 bytes.
    File stride size set to 17 * record size.
                                                              random    random     bkwd    record    stride                                    
              kB  reclen    write  rewrite    read    reread    read     write     read   rewrite      read   fwrite frewrite    fread  freread
         6291456    1024    85022        0                                                                                                    

iozone test complete.
