stream output is :
-------------------------------------------------------------
STREAM version $Revision: 5.10 $
-------------------------------------------------------------
This system uses 8 bytes per array element.
-------------------------------------------------------------
Array size = 64000000 (elements), Offset = 0 (elements)
Memory per array = 488.3 MiB (= 0.5 GiB).
Total memory required = 1464.8 MiB (= 1.4 GiB).
Each kernel will be executed 10 times.
 The *best* time for each kernel (excluding the first iteration)
 will be used to compute the reported bandwidth.
-------------------------------------------------------------
Number of Threads requested = 2
Number of Threads counted = 2
-------------------------------------------------------------
Your clock granularity/precision appears to be 1 microseconds.
Each test below will take on the order of 51630 microseconds.
   (= 51630 clock ticks)
Increase the size of the arrays if this shows that
you are not getting at least 20 clock ticks per test.
-------------------------------------------------------------
WARNING -- The above is only a rough guideline.
For best results, please be sure you know the
precision of your system timer.
-------------------------------------------------------------
Function    Best Rate MB/s  Avg time     Min time     Max time
Copy:            7773.2     0.132640     0.131734     0.135574
Scale:           9994.7     0.104168     0.102454     0.107479
Add:            10415.2     0.149815     0.147477     0.152168
Triad:          10460.7     0.149495     0.146835     0.153093
-------------------------------------------------------------
Solution Validates: avg error less than 1.000000e-13 on all three arrays
-------------------------------------------------------------
